

times in msec
 clock   self+sourced   self:  sourced script
 clock   elapsed:              other lines

000.046  000.046: --- VIM STARTING ---
000.210  000.164: Allocated generic buffers
000.832  000.622: locale set
000.841  000.009: clipboard setup
000.852  000.011: window checked
001.824  000.972: inits 1
002.542  000.718: parsing arguments
002.557  000.015: expanding arguments
014.656  012.099: shell init
016.418  001.762: Termcap init
016.482  000.064: inits 2
017.362  000.880: init highlight
022.071  000.191  000.191: sourcing /Users/nissassin17/.vimrc.before.local
022.122  000.852  000.661: sourcing /Users/nissassin17/.vimrc.before
023.782  000.072  000.072: sourcing /usr/local/share/vim/vim74/ftoff.vim
026.796  000.443  000.443: sourcing /Users/nissassin17/.vim/bundle/vundle/autoload/vundle.vim
028.123  000.695  000.695: sourcing /Users/nissassin17/.vim/bundle/vundle/autoload/vundle/config.vim
201.311  029.048  029.048: sourcing /Users/nissassin17/.vimrc.bundles.local
201.343  178.759  149.501: sourcing /Users/nissassin17/.vimrc.bundles
264.588  000.296  000.296: sourcing /Users/nissassin17/.vim/bundle/ultisnips/ftdetect/snippets.vim
265.347  000.335  000.335: sourcing /Users/nissassin17/.vim/bundle/ultisnips/ftdetect/UltiSnips.vim
267.287  000.410  000.410: sourcing /Users/nissassin17/.vim/bundle/vim-twig/ftdetect/twig.vim
268.547  000.436  000.436: sourcing /Users/nissassin17/.vim/bundle/vim-json/ftdetect/json.vim
269.456  000.220  000.220: sourcing /Users/nissassin17/.vim/bundle/vim-less/ftdetect/less.vim
270.691  000.580  000.580: sourcing /Users/nissassin17/.vim/bundle/vim-javascript/ftdetect/javascript.vim
271.929  000.561  000.561: sourcing /Users/nissassin17/.vim/bundle/vim-jst/ftdetect/jst.vim
274.196  001.001  001.001: sourcing /Users/nissassin17/.vim/bundle/vim-coffee-script/ftdetect/coffee.vim
276.319  000.756  000.756: sourcing /Users/nissassin17/.vim/bundle/vim-haml/ftdetect/haml.vim
277.901  000.242  000.242: sourcing /Users/nissassin17/.vim/bundle/rust.vim/ftdetect/rust.vim
279.433  000.508  000.508: sourcing /Users/nissassin17/.vim/bundle/vim-markdown/ftdetect/markdown.vim
280.659  000.181  000.181: sourcing /Users/nissassin17/.vim/bundle/vim-cucumber/ftdetect/cucumber.vim
281.369  000.190  000.190: sourcing /Users/nissassin17/.vim/bundle/vim-toml/ftdetect/toml.vim
282.482  000.201  000.201: sourcing /Users/nissassin17/.vim/bundle/salt-vim/ftdetect/sls.vim
283.546  000.102  000.102: sourcing /Users/nissassin17/.vim/bundle/ultisnips/ftdetect/snippets.vim
283.770  000.181  000.181: sourcing /Users/nissassin17/.vim/bundle/ultisnips/ftdetect/UltiSnips.vim
284.035  000.136  000.136: sourcing /Users/nissassin17/.vim/bundle/vim-twig/ftdetect/twig.vim
284.355  000.185  000.185: sourcing /Users/nissassin17/.vim/bundle/vim-json/ftdetect/json.vim
284.505  000.067  000.067: sourcing /Users/nissassin17/.vim/bundle/vim-less/ftdetect/less.vim
284.852  000.264  000.264: sourcing /Users/nissassin17/.vim/bundle/vim-javascript/ftdetect/javascript.vim
285.249  000.312  000.312: sourcing /Users/nissassin17/.vim/bundle/vim-jst/ftdetect/jst.vim
285.693  000.359  000.359: sourcing /Users/nissassin17/.vim/bundle/vim-coffee-script/ftdetect/coffee.vim
286.095  000.276  000.276: sourcing /Users/nissassin17/.vim/bundle/vim-haml/ftdetect/haml.vim
286.270  000.065  000.065: sourcing /Users/nissassin17/.vim/bundle/rust.vim/ftdetect/rust.vim
286.610  000.255  000.255: sourcing /Users/nissassin17/.vim/bundle/vim-markdown/ftdetect/markdown.vim
286.817  000.111  000.111: sourcing /Users/nissassin17/.vim/bundle/vim-cucumber/ftdetect/cucumber.vim
287.027  000.130  000.130: sourcing /Users/nissassin17/.vim/bundle/vim-toml/ftdetect/toml.vim
287.262  000.139  000.139: sourcing /Users/nissassin17/.vim/bundle/salt-vim/ftdetect/sls.vim
292.038  062.332  053.833: sourcing /usr/local/share/vim/vim74/filetype.vim
294.812  000.094  000.094: sourcing /usr/local/share/vim/vim74/ftplugin.vim
297.546  000.096  000.096: sourcing /usr/local/share/vim/vim74/indent.vim
305.068  000.312  000.312: sourcing /usr/local/share/vim/vim74/syntax/syncolor.vim
306.444  003.401  003.089: sourcing /usr/local/share/vim/vim74/syntax/synload.vim
306.499  006.944  003.543: sourcing /usr/local/share/vim/vim74/syntax/syntax.vim
369.801  000.382  000.382: sourcing /usr/local/share/vim/vim74/syntax/syncolor.vim
371.982  000.211  000.211: sourcing /usr/local/share/vim/vim74/syntax/syncolor.vim
375.964  010.253  009.660: sourcing /Users/nissassin17/.vim/bundle/vim-colors-solarized/colors/solarized.vim
397.483  000.042  000.042: sourcing /usr/local/share/vim/vim74/filetype.vim
399.754  000.017  000.017: sourcing /usr/local/share/vim/vim74/ftplugin.vim
402.045  000.023  000.023: sourcing /usr/local/share/vim/vim74/indent.vim
404.990  000.889  000.889: sourcing /usr/local/Cellar/vim/7.4.1063/share/vim/vim74/syntax/nosyntax.vim
410.604  000.367  000.367: sourcing /usr/local/share/vim/vim74/syntax/syncolor.vim
413.754  000.333  000.333: sourcing /usr/local/share/vim/vim74/syntax/syncolor.vim
418.332  011.248  010.548: sourcing /Users/nissassin17/.vim/bundle/vim-colors-solarized/colors/solarized.vim
420.201  013.336  002.088: sourcing /usr/local/share/vim/vim74/syntax/synload.vim
420.274  017.170  002.945: sourcing /usr/local/share/vim/vim74/syntax/syntax.vim
424.112  000.473  000.473: sourcing /usr/local/share/vim/vim74/syntax/syncolor.vim
427.758  000.408  000.408: sourcing /usr/local/share/vim/vim74/syntax/syncolor.vim
432.325  011.851  010.970: sourcing /Users/nissassin17/.vim/bundle/vim-colors-solarized/colors/solarized.vim
439.325  000.286  000.286: sourcing /usr/local/share/vim/vim74/syntax/syncolor.vim
441.743  000.254  000.254: sourcing /usr/local/share/vim/vim74/syntax/syncolor.vim
451.426  014.071  013.531: sourcing /Users/nissassin17/.vim/bundle/base16-vim/colors/base16-solarized.vim
451.752  058.839  015.665: sourcing /Users/nissassin17/.vimrc.local
451.782  432.879  114.710: sourcing $HOME/.vimrc
451.794  001.553: sourcing vimrc file(s)
453.284  000.215  000.215: sourcing /Users/nissassin17/.vim/bundle/tlib_vim/plugin/02tlib.vim
454.110  000.261  000.261: sourcing /Users/nissassin17/.vim/bundle/ack.vim/plugin/ack.vim
458.318  000.699  000.699: sourcing /Users/nissassin17/.vim/bundle/nerdtree/autoload/nerdtree.vim
461.280  001.241  001.241: sourcing /Users/nissassin17/.vim/bundle/nerdtree/lib/nerdtree/path.vim
462.379  000.625  000.625: sourcing /Users/nissassin17/.vim/bundle/nerdtree/lib/nerdtree/menu_controller.vim
462.941  000.165  000.165: sourcing /Users/nissassin17/.vim/bundle/nerdtree/lib/nerdtree/menu_item.vim
464.074  000.656  000.656: sourcing /Users/nissassin17/.vim/bundle/nerdtree/lib/nerdtree/key_map.vim
465.636  001.011  001.011: sourcing /Users/nissassin17/.vim/bundle/nerdtree/lib/nerdtree/bookmark.vim
467.026  000.813  000.813: sourcing /Users/nissassin17/.vim/bundle/nerdtree/lib/nerdtree/tree_file_node.vim
468.707  001.146  001.146: sourcing /Users/nissassin17/.vim/bundle/nerdtree/lib/nerdtree/tree_dir_node.vim
469.966  000.760  000.760: sourcing /Users/nissassin17/.vim/bundle/nerdtree/lib/nerdtree/opener.vim
471.239  000.753  000.753: sourcing /Users/nissassin17/.vim/bundle/nerdtree/lib/nerdtree/creator.vim
471.832  000.128  000.128: sourcing /Users/nissassin17/.vim/bundle/nerdtree/lib/nerdtree/flag_set.vim
472.691  000.464  000.464: sourcing /Users/nissassin17/.vim/bundle/nerdtree/lib/nerdtree/nerdtree.vim
474.232  001.058  001.058: sourcing /Users/nissassin17/.vim/bundle/nerdtree/lib/nerdtree/ui.vim
474.788  000.093  000.093: sourcing /Users/nissassin17/.vim/bundle/nerdtree/lib/nerdtree/event.vim
475.344  000.119  000.119: sourcing /Users/nissassin17/.vim/bundle/nerdtree/lib/nerdtree/notifier.vim
477.199  001.267  001.267: sourcing /Users/nissassin17/.vim/bundle/nerdtree/autoload/nerdtree/ui_glue.vim
500.144  000.302  000.302: sourcing /Users/nissassin17/.vim/bundle/nerdtree/nerdtree_plugin/exec_menuitem.vim
502.239  001.671  001.671: sourcing /Users/nissassin17/.vim/bundle/nerdtree/nerdtree_plugin/fs_menu.vim
506.392  002.283  002.283: sourcing /Users/nissassin17/.vim/bundle/vim-nerdtree-tabs/nerdtree_plugin/vim-nerdtree-tabs.vim
508.706  000.036  000.036: sourcing /Users/nissassin17/.vim/bundle/nerdtree/nerdtree_plugin/exec_menuitem.vim
508.824  000.027  000.027: sourcing /Users/nissassin17/.vim/bundle/nerdtree/nerdtree_plugin/fs_menu.vim
510.630  001.175  001.175: sourcing /Users/nissassin17/.vim/bundle/vim-nerdtree-tabs/nerdtree_plugin/vim-nerdtree-tabs.vim
515.636  060.948  044.456: sourcing /Users/nissassin17/.vim/bundle/nerdtree/plugin/NERD_tree.vim
519.101  001.938  001.938: sourcing /Users/nissassin17/.vim/bundle/vim-surround/plugin/surround.vim
521.866  001.203  001.203: sourcing /Users/nissassin17/.vim/bundle/conflict-marker.vim/plugin/conflict_marker.vim
526.762  001.199  001.199: sourcing /Users/nissassin17/.vim/bundle/ctrlp.vim/autoload/ctrlp/mrufiles.vim
527.420  004.697  003.498: sourcing /Users/nissassin17/.vim/bundle/ctrlp.vim/plugin/ctrlp.vim
528.453  000.157  000.157: sourcing /Users/nissassin17/.vim/bundle/ctrlp-funky/plugin/funky.vim
530.140  000.889  000.889: sourcing /Users/nissassin17/.vim/bundle/vim-multiple-cursors/plugin/multiple_cursors.vim
532.163  001.195  001.195: sourcing /Users/nissassin17/.vim/bundle/sessionman.vim/plugin/sessionman.vim
535.093  002.122  002.122: sourcing /Users/nissassin17/.vim/bundle/matchit.zip/plugin/matchit.vim
540.557  000.826  000.826: sourcing /Users/nissassin17/.vim/bundle/vim-airline/autoload/airline.vim
541.977  000.508  000.508: sourcing /Users/nissassin17/.vim/bundle/vim-airline/autoload/airline/init.vim
543.113  000.231  000.231: sourcing /Users/nissassin17/.vim/bundle/vim-airline/autoload/airline/parts.vim
543.953  007.409  005.844: sourcing /Users/nissassin17/.vim/bundle/vim-airline/plugin/airline.vim
546.649  000.256  000.256: sourcing /Users/nissassin17/.vim/bundle/vim-bufferline/autoload/bufferline.vim
546.965  001.748  001.492: sourcing /Users/nissassin17/.vim/bundle/vim-bufferline/plugin/bufferline.vim
558.135  009.741  009.741: sourcing /Users/nissassin17/.vim/bundle/vim-easymotion/plugin/EasyMotion.vim
561.901  002.403  002.403: sourcing /Users/nissassin17/.vim/bundle/undotree/plugin/undotree.vim
563.910  000.405  000.405: sourcing /Users/nissassin17/.vim/bundle/restore_view.vim/plugin/restore_view.vim
565.385  000.741  000.741: sourcing /Users/nissassin17/.vim/bundle/vim-signify/plugin/signify.vim
567.493  001.510  001.510: sourcing /Users/nissassin17/.vim/bundle/vim-abolish/plugin/abolish.vim
569.220  000.486  000.486: sourcing /Users/nissassin17/.vim/bundle/vim-over/plugin/over.vim
576.478  002.070  002.070: sourcing /Users/nissassin17/.vim/bundle/vim-textobj-user/autoload/textobj/user.vim
580.186  009.552  007.482: sourcing /Users/nissassin17/.vim/bundle/vim-textobj-indent/plugin/textobj/indent.vim
581.849  000.253  000.253: sourcing /Users/nissassin17/.vim/bundle/vim-litecorrect/plugin/litecorrect.vim
584.036  000.325  000.325: sourcing /Users/nissassin17/.vim/bundle/vim-textobj-sentence/plugin/textobj/sentence.vim
586.591  000.751  000.751: sourcing /Users/nissassin17/.vim/bundle/vim-textobj-quote/plugin/textobj/quote.vim
590.913  000.113  000.113: sourcing /Users/nissassin17/.vim/bundle/syntastic/plugin/syntastic/autoloclist.vim
591.436  000.117  000.117: sourcing /Users/nissassin17/.vim/bundle/syntastic/plugin/syntastic/balloons.vim
591.879  000.105  000.105: sourcing /Users/nissassin17/.vim/bundle/syntastic/plugin/syntastic/checker.vim
592.299  000.103  000.103: sourcing /Users/nissassin17/.vim/bundle/syntastic/plugin/syntastic/cursor.vim
592.725  000.110  000.110: sourcing /Users/nissassin17/.vim/bundle/syntastic/plugin/syntastic/highlighting.vim
593.335  000.140  000.140: sourcing /Users/nissassin17/.vim/bundle/syntastic/plugin/syntastic/loclist.vim
593.898  000.125  000.125: sourcing /Users/nissassin17/.vim/bundle/syntastic/plugin/syntastic/modemap.vim
594.354  000.112  000.112: sourcing /Users/nissassin17/.vim/bundle/syntastic/plugin/syntastic/notifiers.vim
594.780  000.108  000.108: sourcing /Users/nissassin17/.vim/bundle/syntastic/plugin/syntastic/registry.vim
595.214  000.115  000.115: sourcing /Users/nissassin17/.vim/bundle/syntastic/plugin/syntastic/signs.vim
600.772  002.360  002.360: sourcing /Users/nissassin17/.vim/bundle/syntastic/autoload/syntastic/util.vim
617.621  000.312  000.312: sourcing /Users/nissassin17/.vim/bundle/syntastic/plugin/syntastic/autoloclist.vim
617.933  000.243  000.243: sourcing /Users/nissassin17/.vim/bundle/syntastic/plugin/syntastic/balloons.vim
619.232  001.242  001.242: sourcing /Users/nissassin17/.vim/bundle/syntastic/plugin/syntastic/checker.vim
619.707  000.382  000.382: sourcing /Users/nissassin17/.vim/bundle/syntastic/plugin/syntastic/cursor.vim
620.085  000.318  000.318: sourcing /Users/nissassin17/.vim/bundle/syntastic/plugin/syntastic/highlighting.vim
621.792  001.650  001.650: sourcing /Users/nissassin17/.vim/bundle/syntastic/plugin/syntastic/loclist.vim
622.125  000.234  000.234: sourcing /Users/nissassin17/.vim/bundle/syntastic/plugin/syntastic/modemap.vim
622.357  000.173  000.173: sourcing /Users/nissassin17/.vim/bundle/syntastic/plugin/syntastic/notifiers.vim
623.495  001.083  001.083: sourcing /Users/nissassin17/.vim/bundle/syntastic/plugin/syntastic/registry.vim
624.076  000.494  000.494: sourcing /Users/nissassin17/.vim/bundle/syntastic/plugin/syntastic/signs.vim
632.571  000.051  000.051: sourcing /Users/nissassin17/.vim/bundle/syntastic/plugin/syntastic/autoloclist.vim
632.663  000.029  000.029: sourcing /Users/nissassin17/.vim/bundle/syntastic/plugin/syntastic/balloons.vim
632.741  000.026  000.026: sourcing /Users/nissassin17/.vim/bundle/syntastic/plugin/syntastic/checker.vim
632.814  000.024  000.024: sourcing /Users/nissassin17/.vim/bundle/syntastic/plugin/syntastic/cursor.vim
632.886  000.023  000.023: sourcing /Users/nissassin17/.vim/bundle/syntastic/plugin/syntastic/highlighting.vim
632.955  000.021  000.021: sourcing /Users/nissassin17/.vim/bundle/syntastic/plugin/syntastic/loclist.vim
633.022  000.019  000.019: sourcing /Users/nissassin17/.vim/bundle/syntastic/plugin/syntastic/modemap.vim
633.089  000.019  000.019: sourcing /Users/nissassin17/.vim/bundle/syntastic/plugin/syntastic/notifiers.vim
633.154  000.018  000.018: sourcing /Users/nissassin17/.vim/bundle/syntastic/plugin/syntastic/registry.vim
633.219  000.017  000.017: sourcing /Users/nissassin17/.vim/bundle/syntastic/plugin/syntastic/signs.vim
639.590  043.937  035.199: sourcing /Users/nissassin17/.vim/bundle/syntastic/plugin/syntastic.vim
656.203  015.948  015.948: sourcing /Users/nissassin17/.vim/bundle/vim-fugitive/plugin/fugitive.vim
657.028  000.221  000.221: sourcing /Users/nissassin17/.vim/bundle/gist-vim/plugin/gist.vim
666.109  008.359  008.359: sourcing /Users/nissassin17/.vim/bundle/nerdcommenter/plugin/NERD_commenter.vim
667.207  000.533  000.533: sourcing /Users/nissassin17/.vim/bundle/vim-commentary/plugin/commentary.vim
668.611  000.851  000.851: sourcing /Users/nissassin17/.vim/bundle/tabular/plugin/Tabular.vim
672.747  003.586  003.586: sourcing /Users/nissassin17/.vim/bundle/rainbow/plugin/rainbow.vim
675.034  001.686  001.686: sourcing /Users/nissassin17/.vim/bundle/tagbar/plugin/tagbar.vim
677.345  001.726  001.726: sourcing /Users/nissassin17/.vim/bundle/YouCompleteMe/plugin/youcompleteme.vim
679.352  000.212  000.212: sourcing /Users/nissassin17/.vim/bundle/ultisnips/autoload/UltiSnips/map_keys.vim
679.565  001.648  001.436: sourcing /Users/nissassin17/.vim/bundle/ultisnips/plugin/UltiSnips.vim
680.269  000.131  000.131: sourcing /Users/nissassin17/.vim/bundle/vim-snippets/plugin/vimsnippets.vim
682.478  001.569  001.569: sourcing /Users/nissassin17/.vim/bundle/PIV/plugin/phpfolding.vim
682.908  000.177  000.177: sourcing /Users/nissassin17/.vim/bundle/PIV/plugin/piv.vim
683.996  000.558  000.558: sourcing /Users/nissassin17/.vim/bundle/vim-php-namespace/plugin/phpns.vim
685.930  000.237  000.237: sourcing /Users/nissassin17/.vim/bundle/python-mode/autoload/pymode.vim
687.035  000.043  000.043: sourcing /usr/local/share/vim/vim74/filetype.vim
688.983  000.031  000.031: sourcing /usr/local/share/vim/vim74/ftplugin.vim
693.253  000.071  000.071: sourcing /usr/local/share/vim/vim74/filetype.vim
696.337  000.043  000.043: sourcing /usr/local/share/vim/vim74/ftplugin.vim
697.734  013.106  012.681: sourcing /Users/nissassin17/.vim/bundle/python-mode/plugin/pymode.vim
703.598  005.024  005.024: sourcing /Users/nissassin17/.vim/bundle/emmet-vim/plugin/emmet.vim
709.634  005.424  005.424: sourcing /Users/nissassin17/.vim/bundle/vim-rails/plugin/rails.vim
710.662  000.206  000.206: sourcing /Users/nissassin17/.vim/bundle/rust.vim/plugin/rust.vim
711.514  000.409  000.409: sourcing /Users/nissassin17/.vim/bundle/rust.vim/plugin/rustfmt.vim
712.589  000.231  000.231: sourcing /Users/nissassin17/.vim/bundle/vim-cucumber-align-pipes/plugin/cucumber-align-pipes.vim
713.790  000.441  000.441: sourcing /Users/nissassin17/.vim/bundle/vim-niji/plugin/niji.vim
714.967  000.475  000.475: sourcing /Users/nissassin17/.vim/bundle/vim-startify/plugin/startify.vim
715.953  000.255  000.255: sourcing /Users/nissassin17/.vim/bundle/vim-close-pair/plugin/close_pair.vim
716.997  000.354  000.354: sourcing /Users/nissassin17/.vim/bundle/bclose.vim/plugin/bclose.vim
718.967  001.259  001.259: sourcing /Users/nissassin17/.vim/bundle/vim-test/plugin/test.vim
719.931  000.238  000.238: sourcing /Users/nissassin17/.vim/bundle/vim-tabline/plugin/tabline.vim
720.378  000.100  000.100: sourcing /Users/nissassin17/.vim/bundle/tlib_vim/plugin/02tlib.vim
720.645  000.076  000.076: sourcing /Users/nissassin17/.vim/bundle/ack.vim/plugin/ack.vim
720.923  000.091  000.091: sourcing /Users/nissassin17/.vim/bundle/nerdtree/plugin/NERD_tree.vim
721.237  000.070  000.070: sourcing /Users/nissassin17/.vim/bundle/vim-surround/plugin/surround.vim
721.518  000.062  000.062: sourcing /Users/nissassin17/.vim/bundle/conflict-marker.vim/plugin/conflict_marker.vim
721.794  000.070  000.070: sourcing /Users/nissassin17/.vim/bundle/ctrlp.vim/plugin/ctrlp.vim
722.109  000.136  000.136: sourcing /Users/nissassin17/.vim/bundle/ctrlp-funky/plugin/funky.vim
723.087  000.776  000.776: sourcing /Users/nissassin17/.vim/bundle/vim-multiple-cursors/plugin/multiple_cursors.vim
723.358  000.099  000.099: sourcing /Users/nissassin17/.vim/bundle/sessionman.vim/plugin/sessionman.vim
723.576  000.071  000.071: sourcing /Users/nissassin17/.vim/bundle/matchit.zip/plugin/matchit.vim
723.767  000.052  000.052: sourcing /Users/nissassin17/.vim/bundle/vim-airline/plugin/airline.vim
723.972  000.042  000.042: sourcing /Users/nissassin17/.vim/bundle/vim-bufferline/plugin/bufferline.vim
724.196  000.085  000.085: sourcing /Users/nissassin17/.vim/bundle/vim-easymotion/plugin/EasyMotion.vim
724.424  000.043  000.043: sourcing /Users/nissassin17/.vim/bundle/undotree/plugin/undotree.vim
724.645  000.058  000.058: sourcing /Users/nissassin17/.vim/bundle/restore_view.vim/plugin/restore_view.vim
724.826  000.044  000.044: sourcing /Users/nissassin17/.vim/bundle/vim-signify/plugin/signify.vim
725.006  000.043  000.043: sourcing /Users/nissassin17/.vim/bundle/vim-abolish/plugin/abolish.vim
725.180  000.039  000.039: sourcing /Users/nissassin17/.vim/bundle/vim-over/plugin/over.vim
725.448  000.054  000.054: sourcing /Users/nissassin17/.vim/bundle/vim-textobj-indent/plugin/textobj/indent.vim
725.654  000.042  000.042: sourcing /Users/nissassin17/.vim/bundle/vim-litecorrect/plugin/litecorrect.vim
725.886  000.044  000.044: sourcing /Users/nissassin17/.vim/bundle/vim-textobj-sentence/plugin/textobj/sentence.vim
726.118  000.044  000.044: sourcing /Users/nissassin17/.vim/bundle/vim-textobj-quote/plugin/textobj/quote.vim
726.755  000.033  000.033: sourcing /Users/nissassin17/.vim/bundle/syntastic/plugin/syntastic/autoloclist.vim
726.818  000.030  000.030: sourcing /Users/nissassin17/.vim/bundle/syntastic/plugin/syntastic/balloons.vim
726.879  000.029  000.029: sourcing /Users/nissassin17/.vim/bundle/syntastic/plugin/syntastic/checker.vim
726.938  000.028  000.028: sourcing /Users/nissassin17/.vim/bundle/syntastic/plugin/syntastic/cursor.vim
726.996  000.027  000.027: sourcing /Users/nissassin17/.vim/bundle/syntastic/plugin/syntastic/highlighting.vim
727.053  000.025  000.025: sourcing /Users/nissassin17/.vim/bundle/syntastic/plugin/syntastic/loclist.vim
727.110  000.026  000.026: sourcing /Users/nissassin17/.vim/bundle/syntastic/plugin/syntastic/modemap.vim
727.193  000.026  000.026: sourcing /Users/nissassin17/.vim/bundle/syntastic/plugin/syntastic/notifiers.vim
727.248  000.024  000.024: sourcing /Users/nissassin17/.vim/bundle/syntastic/plugin/syntastic/registry.vim
727.303  000.023  000.023: sourcing /Users/nissassin17/.vim/bundle/syntastic/plugin/syntastic/signs.vim
727.364  000.029  000.029: sourcing /Users/nissassin17/.vim/bundle/syntastic/plugin/syntastic.vim
727.517  000.026  000.026: sourcing /Users/nissassin17/.vim/bundle/vim-fugitive/plugin/fugitive.vim
727.680  000.029  000.029: sourcing /Users/nissassin17/.vim/bundle/gist-vim/plugin/gist.vim
727.830  000.031  000.031: sourcing /Users/nissassin17/.vim/bundle/nerdcommenter/plugin/NERD_commenter.vim
727.971  000.024  000.024: sourcing /Users/nissassin17/.vim/bundle/vim-commentary/plugin/commentary.vim
728.141  000.054  000.054: sourcing /Users/nissassin17/.vim/bundle/tabular/plugin/Tabular.vim
728.289  000.032  000.032: sourcing /Users/nissassin17/.vim/bundle/rainbow/plugin/rainbow.vim
729.609  001.206  001.206: sourcing /Users/nissassin17/.vim/bundle/tagbar/plugin/tagbar.vim
730.024  000.126  000.126: sourcing /Users/nissassin17/.vim/bundle/YouCompleteMe/plugin/youcompleteme.vim
730.271  000.033  000.033: sourcing /Users/nissassin17/.vim/bundle/ultisnips/plugin/UltiSnips.vim
730.493  000.030  000.030: sourcing /Users/nissassin17/.vim/bundle/vim-snippets/plugin/vimsnippets.vim
730.797  000.080  000.080: sourcing /Users/nissassin17/.vim/bundle/PIV/plugin/phpfolding.vim
730.993  000.146  000.146: sourcing /Users/nissassin17/.vim/bundle/PIV/plugin/piv.vim
731.475  000.292  000.292: sourcing /Users/nissassin17/.vim/bundle/vim-php-namespace/plugin/phpns.vim
733.479  000.073  000.073: sourcing /usr/local/share/vim/vim74/filetype.vim
736.675  000.060  000.060: sourcing /usr/local/share/vim/vim74/ftplugin.vim
741.055  000.070  000.070: sourcing /usr/local/share/vim/vim74/filetype.vim
743.149  000.040  000.040: sourcing /usr/local/share/vim/vim74/ftplugin.vim
744.286  012.590  012.347: sourcing /Users/nissassin17/.vim/bundle/python-mode/plugin/pymode.vim
744.709  000.064  000.064: sourcing /Users/nissassin17/.vim/bundle/emmet-vim/plugin/emmet.vim
744.850  000.019  000.019: sourcing /Users/nissassin17/.vim/bundle/vim-rails/plugin/rails.vim
745.021  000.016  000.016: sourcing /Users/nissassin17/.vim/bundle/rust.vim/plugin/rust.vim
745.271  000.221  000.221: sourcing /Users/nissassin17/.vim/bundle/rust.vim/plugin/rustfmt.vim
745.519  000.070  000.070: sourcing /Users/nissassin17/.vim/bundle/vim-cucumber-align-pipes/plugin/cucumber-align-pipes.vim
748.541  000.259  000.259: sourcing /usr/local/share/vim/vim74/plugin/getscriptPlugin.vim
749.846  000.865  000.865: sourcing /usr/local/share/vim/vim74/plugin/gzip.vim
751.168  000.977  000.977: sourcing /usr/local/share/vim/vim74/plugin/logiPat.vim
752.312  000.809  000.809: sourcing /usr/local/share/vim/vim74/plugin/matchparen.vim
754.536  001.897  001.897: sourcing /usr/local/share/vim/vim74/plugin/netrwPlugin.vim
755.069  000.114  000.114: sourcing /usr/local/share/vim/vim74/plugin/rrhelper.vim
755.573  000.159  000.159: sourcing /usr/local/share/vim/vim74/plugin/spellfile.vim
756.451  000.531  000.531: sourcing /usr/local/share/vim/vim74/plugin/tarPlugin.vim
757.412  000.610  000.610: sourcing /usr/local/share/vim/vim74/plugin/tohtml.vim
758.137  000.368  000.368: sourcing /usr/local/share/vim/vim74/plugin/vimballPlugin.vim
758.939  000.452  000.452: sourcing /usr/local/share/vim/vim74/plugin/zipPlugin.vim
762.716  001.037  001.037: sourcing /Users/nissassin17/.vim/bundle/tabular/autoload/tabular.vim
765.929  005.472  004.435: sourcing /Users/nissassin17/.vim/bundle/tabular/after/plugin/TabularMaps.vim
767.023  000.378  000.378: sourcing /Users/nissassin17/.vim/bundle/ultisnips/after/plugin/UltiSnips_after.vim
771.185  002.791  002.791: sourcing /Users/nissassin17/.vim/bundle/tabular/after/plugin/TabularMaps.vim
771.413  000.015  000.015: sourcing /Users/nissassin17/.vim/bundle/ultisnips/after/plugin/UltiSnips_after.vim
771.947  068.477: loading plugins
771.954  000.007: inits 3
773.575  001.621: reading viminfo
773.624  000.049: setting raw mode
773.634  000.010: start termcap
773.697  000.063: clearing screen
995.661  215.416  215.416: sourcing /Users/nissassin17/.vim/bundle/ultisnips/autoload/UltiSnips.vim
1009.034  000.330  000.330: sourcing /usr/local/share/vim/vim74/ftplugin/c.vim
1021.713  018.818  018.488: sourcing /usr/local/share/vim/vim74/ftplugin/cpp.vim
1033.027  000.202  000.202: sourcing /usr/local/share/vim/vim74/indent/cpp.vim
1048.515  005.760  005.760: sourcing /usr/local/share/vim/vim74/syntax/c.vim
1050.538  010.755  004.995: sourcing /usr/local/share/vim/vim74/syntax/cpp.vim
1058.524  001.132  001.132: sourcing /Users/nissassin17/.vim/bundle/vim-airline/autoload/airline/extensions.vim
1060.354  000.259  000.259: sourcing /Users/nissassin17/.vim/bundle/vim-airline/autoload/airline/extensions/quickfix.vim
1061.580  000.270  000.270: sourcing /Users/nissassin17/.vim/bundle/vim-airline/autoload/airline/extensions/netrw.vim
1062.865  000.363  000.363: sourcing /Users/nissassin17/.vim/bundle/vim-airline/autoload/airline/extensions/ctrlp.vim
1064.046  000.232  000.232: sourcing /Users/nissassin17/.vim/bundle/vim-airline/autoload/airline/extensions/undotree.vim
1065.633  000.294  000.294: sourcing /Users/nissassin17/.vim/bundle/vim-airline/autoload/airline/extensions/hunks.vim
1066.626  000.231  000.231: sourcing /Users/nissassin17/.vim/bundle/vim-airline/autoload/airline/extensions/tagbar.vim
1068.111  000.705  000.705: sourcing /Users/nissassin17/.vim/bundle/vim-airline/autoload/airline/extensions/branch.vim
1069.184  000.181  000.181: sourcing /Users/nissassin17/.vim/bundle/vim-airline/autoload/airline/extensions/bufferline.vim
1070.261  000.184  000.184: sourcing /Users/nissassin17/.vim/bundle/vim-airline/autoload/airline/extensions/syntastic.vim
1071.368  000.370  000.370: sourcing /Users/nissassin17/.vim/bundle/vim-airline/autoload/airline/extensions/whitespace.vim
1073.275  000.263  000.263: sourcing /Users/nissassin17/.vim/bundle/vim-airline/autoload/airline/extensions/wordcount.vim
1084.795  000.247  000.247: sourcing /Users/nissassin17/.vim/bundle/vim-airline/autoload/airline/section.vim
1086.350  000.747  000.747: sourcing /Users/nissassin17/.vim/bundle/vim-airline/autoload/airline/highlighter.vim
1091.900  000.255  000.255: sourcing /Users/nissassin17/.vim/bundle/vim-airline/autoload/airline/themes.vim
1092.418  002.479  002.224: sourcing /Users/nissassin17/.vim/bundle/vim-airline/autoload/airline/themes/solarized.vim
1098.608  000.248  000.248: sourcing /Users/nissassin17/.vim/bundle/vim-airline/autoload/airline/util.vim
1100.218  000.292  000.292: sourcing /Users/nissassin17/.vim/bundle/vim-airline/autoload/airline/builder.vim
1101.340  000.251  000.251: sourcing /Users/nissassin17/.vim/bundle/vim-airline/autoload/airline/extensions/default.vim
1119.296  000.268  000.268: sourcing /Users/nissassin17/.vim/bundle/conflict-marker.vim/autoload/conflict_marker/detect.vim
1124.022  000.421  000.421: sourcing /Users/nissassin17/.vim/bundle/vim-signify/autoload/sy.vim
1125.551  000.337  000.337: sourcing /Users/nissassin17/.vim/bundle/vim-signify/autoload/sy/util.vim
1133.622  007.014  007.014: sourcing /Users/nissassin17/.vim/bundle/vim-signify/autoload/sy/repo.vim
1167.154  001.087  001.087: sourcing /Users/nissassin17/.vim/bundle/ctrlp.vim/autoload/ctrlp/utils.vim
1203.562  009.041  009.041: sourcing /Users/nissassin17/.vim/bundle/tagbar/autoload/tagbar.vim
1203.853  019.314  011.273: sourcing /Users/nissassin17/.vimviews/~=+school=+algorithm-and-data=+code=+mergesort.cpp=
1203.949  149.872: opening buffers
1206.147  001.011  001.011: sourcing /Users/nissassin17/.vim/bundle/syntastic/autoload/syntastic/log.vim
1207.477  002.517: BufEnter autocommands
1207.481  000.004: editing files in windows
1215.651  000.186  000.186: sourcing /Users/nissassin17/.vim/bundle/vim-airline/autoload/airline/deprecation.vim
1219.074  002.079  002.079: sourcing /Users/nissassin17/.vim/bundle/YouCompleteMe/autoload/youcompleteme.vim
1956.823  747.077: VimEnter autocommands
1956.832  000.009: before starting main loop
1959.267  002.435: first screen update
1959.272  000.005: --- VIM STARTED ---
